{"E:\\Users\\Dremziik\\Desktop\\Dremziik\\LevelUp_React\\LevelUp_React\\src\\components\\Carrusel.tsx": {"path":"E:\\Users\\Dremziik\\Desktop\\Dremziik\\LevelUp_React\\LevelUp_React\\src\\components\\Carrusel.tsx","statementMap":{"0":{"start":{"line":14,"column":41},"end":{"line":60,"column":null}},"1":{"start":{"line":15,"column":21},"end":{"line":15,"column":null}},"2":{"start":{"line":17,"column":2},"end":{"line":58,"column":null}},"3":{"start":{"line":27,"column":10},"end":{"line":37,"column":null}}},"fnMap":{"0":{"name":"(anonymous_0)","decl":{"start":{"line":14,"column":41},"end":{"line":14,"column":42}},"loc":{"start":{"line":14,"column":80},"end":{"line":60,"column":null}},"line":14},"1":{"name":"(anonymous_1)","decl":{"start":{"line":26,"column":22},"end":{"line":26,"column":23}},"loc":{"start":{"line":27,"column":10},"end":{"line":37,"column":null}},"line":27}},"branchMap":{"0":{"loc":{"start":{"line":14,"column":58},"end":{"line":14,"column":74}},"type":"default-arg","locations":[{"start":{"line":14,"column":67},"end":{"line":14,"column":74}}],"line":14},"1":{"loc":{"start":{"line":15,"column":21},"end":{"line":15,"column":null}},"type":"binary-expr","locations":[{"start":{"line":15,"column":21},"end":{"line":15,"column":27}},{"start":{"line":15,"column":27},"end":{"line":15,"column":null}}],"line":15},"2":{"loc":{"start":{"line":29,"column":40},"end":{"line":29,"column":67}},"type":"cond-expr","locations":[{"start":{"line":29,"column":54},"end":{"line":29,"column":65}},{"start":{"line":29,"column":65},"end":{"line":29,"column":67}}],"line":29},"3":{"loc":{"start":{"line":34,"column":19},"end":{"line":34,"column":null}},"type":"binary-expr","locations":[{"start":{"line":34,"column":19},"end":{"line":34,"column":30}},{"start":{"line":34,"column":30},"end":{"line":34,"column":null}}],"line":34}},"s":{"0":1,"1":1,"2":1,"3":2},"f":{"0":1,"1":2},"b":{"0":[1],"1":[1,0],"2":[1,1],"3":[2,0]},"meta":{"lastBranch":4,"lastFunction":2,"lastStatement":4,"seen":{"s:14:41:60:Infinity":0,"f:14:41:14:42":0,"b:14:67:14:74":0,"s:15:21:15:Infinity":1,"b:15:21:15:27:15:27:15:Infinity":1,"s:17:2:58:Infinity":2,"f:26:22:26:23":1,"s:27:10:37:Infinity":3,"b:29:54:29:65:29:65:29:67":2,"b:34:19:34:30:34:30:34:Infinity":3}}}
,"E:\\Users\\Dremziik\\Desktop\\Dremziik\\LevelUp_React\\LevelUp_React\\src\\components\\EventCard.tsx": {"path":"E:\\Users\\Dremziik\\Desktop\\Dremziik\\LevelUp_React\\LevelUp_React\\src\\components\\EventCard.tsx","statementMap":{"0":{"start":{"line":4,"column":2},"end":{"line":12,"column":null}}},"fnMap":{"0":{"name":"EventCard","decl":{"start":{"line":3,"column":16},"end":{"line":3,"column":26}},"loc":{"start":{"line":3,"column":55},"end":{"line":14,"column":null}},"line":3}},"branchMap":{},"s":{"0":1},"f":{"0":1},"b":{},"meta":{"lastBranch":0,"lastFunction":1,"lastStatement":1,"seen":{"f:3:16:3:26":0,"s:4:2:12:Infinity":0}}}
,"E:\\Users\\Dremziik\\Desktop\\Dremziik\\LevelUp_React\\LevelUp_React\\src\\context\\UserRoles.ts": {"path":"E:\\Users\\Dremziik\\Desktop\\Dremziik\\LevelUp_React\\LevelUp_React\\src\\context\\UserRoles.ts","statementMap":{"0":{"start":{"line":1,"column":21},"end":{"line":5,"column":null}}},"fnMap":{},"branchMap":{},"s":{"0":2},"f":{},"b":{},"meta":{"lastBranch":0,"lastFunction":0,"lastStatement":1,"seen":{"s:1:21:5:Infinity":0}}}
,"E:\\Users\\Dremziik\\Desktop\\Dremziik\\LevelUp_React\\LevelUp_React\\src\\hooks\\useBlog.ts": {"path":"E:\\Users\\Dremziik\\Desktop\\Dremziik\\LevelUp_React\\LevelUp_React\\src\\hooks\\useBlog.ts","statementMap":{"0":{"start":{"line":10,"column":30},"end":{"line":10,"column":null}},"1":{"start":{"line":11,"column":30},"end":{"line":11,"column":null}},"2":{"start":{"line":12,"column":28},"end":{"line":12,"column":null}},"3":{"start":{"line":13,"column":24},"end":{"line":13,"column":null}},"4":{"start":{"line":15,"column":2},"end":{"line":34,"column":null}},"5":{"start":{"line":17,"column":6},"end":{"line":30,"column":null}},"6":{"start":{"line":18,"column":8},"end":{"line":18,"column":null}},"7":{"start":{"line":19,"column":45},"end":{"line":22,"column":null}},"8":{"start":{"line":23,"column":8},"end":{"line":23,"column":null}},"9":{"start":{"line":24,"column":8},"end":{"line":24,"column":null}},"10":{"start":{"line":26,"column":8},"end":{"line":26,"column":null}},"11":{"start":{"line":27,"column":8},"end":{"line":27,"column":null}},"12":{"start":{"line":29,"column":8},"end":{"line":29,"column":null}},"13":{"start":{"line":33,"column":4},"end":{"line":33,"column":null}},"14":{"start":{"line":37,"column":32},"end":{"line":40,"column":null}},"15":{"start":{"line":38,"column":20},"end":{"line":38,"column":null}},"16":{"start":{"line":38,"column":41},"end":{"line":38,"column":59}},"17":{"start":{"line":39,"column":4},"end":{"line":39,"column":null}},"18":{"start":{"line":43,"column":35},"end":{"line":70,"column":null}},"19":{"start":{"line":47,"column":4},"end":{"line":69,"column":null}},"20":{"start":{"line":49,"column":6},"end":{"line":49,"column":null}},"21":{"start":{"line":49,"column":42},"end":{"line":49,"column":null}},"22":{"start":{"line":50,"column":26},"end":{"line":50,"column":null}},"23":{"start":{"line":50,"column":45},"end":{"line":50,"column":94}},"24":{"start":{"line":51,"column":6},"end":{"line":51,"column":null}},"25":{"start":{"line":51,"column":24},"end":{"line":51,"column":null}},"26":{"start":{"line":53,"column":59},"end":{"line":56,"column":null}},"27":{"start":{"line":58,"column":31},"end":{"line":58,"column":null}},"28":{"start":{"line":60,"column":6},"end":{"line":66,"column":null}},"29":{"start":{"line":61,"column":8},"end":{"line":65,"column":null}},"30":{"start":{"line":62,"column":10},"end":{"line":64,"column":null}},"31":{"start":{"line":68,"column":6},"end":{"line":68,"column":null}},"32":{"start":{"line":73,"column":31},"end":{"line":76,"column":null}},"33":{"start":{"line":74,"column":17},"end":{"line":74,"column":null}},"34":{"start":{"line":74,"column":38},"end":{"line":74,"column":63}},"35":{"start":{"line":75,"column":4},"end":{"line":75,"column":null}},"36":{"start":{"line":79,"column":30},"end":{"line":81,"column":null}},"37":{"start":{"line":80,"column":4},"end":{"line":80,"column":null}},"38":{"start":{"line":80,"column":30},"end":{"line":80,"column":55}},"39":{"start":{"line":83,"column":2},"end":{"line":91,"column":null}}},"fnMap":{"0":{"name":"useBlog","decl":{"start":{"line":9,"column":16},"end":{"line":9,"column":26}},"loc":{"start":{"line":9,"column":26},"end":{"line":92,"column":null}},"line":9},"1":{"name":"(anonymous_1)","decl":{"start":{"line":15,"column":12},"end":{"line":15,"column":18}},"loc":{"start":{"line":15,"column":18},"end":{"line":34,"column":5}},"line":15},"2":{"name":"cargarDatos","decl":{"start":{"line":16,"column":19},"end":{"line":16,"column":33}},"loc":{"start":{"line":16,"column":33},"end":{"line":31,"column":null}},"line":16},"3":{"name":"(anonymous_3)","decl":{"start":{"line":37,"column":32},"end":{"line":37,"column":33}},"loc":{"start":{"line":37,"column":69},"end":{"line":40,"column":null}},"line":37},"4":{"name":"(anonymous_4)","decl":{"start":{"line":38,"column":34},"end":{"line":38,"column":35}},"loc":{"start":{"line":38,"column":41},"end":{"line":38,"column":59}},"line":38},"5":{"name":"(anonymous_5)","decl":{"start":{"line":43,"column":35},"end":{"line":43,"column":null}},"loc":{"start":{"line":46,"column":7},"end":{"line":70,"column":null}},"line":46},"6":{"name":"(anonymous_6)","decl":{"start":{"line":50,"column":40},"end":{"line":50,"column":45}},"loc":{"start":{"line":50,"column":45},"end":{"line":50,"column":94}},"line":50},"7":{"name":"(anonymous_7)","decl":{"start":{"line":60,"column":18},"end":{"line":60,"column":19}},"loc":{"start":{"line":61,"column":8},"end":{"line":65,"column":null}},"line":61},"8":{"name":"(anonymous_8)","decl":{"start":{"line":61,"column":17},"end":{"line":61,"column":18}},"loc":{"start":{"line":62,"column":10},"end":{"line":64,"column":null}},"line":62},"9":{"name":"(anonymous_9)","decl":{"start":{"line":73,"column":31},"end":{"line":73,"column":32}},"loc":{"start":{"line":73,"column":62},"end":{"line":76,"column":null}},"line":73},"10":{"name":"(anonymous_10)","decl":{"start":{"line":74,"column":31},"end":{"line":74,"column":32}},"loc":{"start":{"line":74,"column":38},"end":{"line":74,"column":63}},"line":74},"11":{"name":"(anonymous_11)","decl":{"start":{"line":79,"column":30},"end":{"line":79,"column":31}},"loc":{"start":{"line":79,"column":81},"end":{"line":81,"column":null}},"line":79},"12":{"name":"(anonymous_12)","decl":{"start":{"line":80,"column":25},"end":{"line":80,"column":30}},"loc":{"start":{"line":80,"column":30},"end":{"line":80,"column":55}},"line":80}},"branchMap":{"0":{"loc":{"start":{"line":39,"column":11},"end":{"line":39,"column":null}},"type":"binary-expr","locations":[{"start":{"line":39,"column":11},"end":{"line":39,"column":35}},{"start":{"line":39,"column":35},"end":{"line":39,"column":null}}],"line":39},"1":{"loc":{"start":{"line":49,"column":6},"end":{"line":49,"column":null}},"type":"if","locations":[{"start":{"line":49,"column":6},"end":{"line":49,"column":null}},{"start":{},"end":{}}],"line":49},"2":{"loc":{"start":{"line":51,"column":6},"end":{"line":51,"column":null}},"type":"if","locations":[{"start":{"line":51,"column":6},"end":{"line":51,"column":null}},{"start":{},"end":{}}],"line":51},"3":{"loc":{"start":{"line":62,"column":10},"end":{"line":64,"column":null}},"type":"cond-expr","locations":[{"start":{"line":63,"column":14},"end":{"line":63,"column":null}},{"start":{"line":64,"column":14},"end":{"line":64,"column":null}}],"line":62},"4":{"loc":{"start":{"line":63,"column":40},"end":{"line":63,"column":62}},"type":"binary-expr","locations":[{"start":{"line":63,"column":40},"end":{"line":63,"column":57}},{"start":{"line":63,"column":57},"end":{"line":63,"column":62}}],"line":63},"5":{"loc":{"start":{"line":75,"column":11},"end":{"line":75,"column":null}},"type":"cond-expr","locations":[{"start":{"line":75,"column":18},"end":{"line":75,"column":60}},{"start":{"line":75,"column":60},"end":{"line":75,"column":null}}],"line":75}},"s":{"0":4,"1":4,"2":4,"3":4,"4":4,"5":2,"6":2,"7":2,"8":2,"9":2,"10":0,"11":0,"12":2,"13":2,"14":4,"15":1,"16":1,"17":1,"18":4,"19":0,"20":0,"21":0,"22":0,"23":0,"24":0,"25":0,"26":0,"27":0,"28":0,"29":0,"30":0,"31":0,"32":4,"33":0,"34":0,"35":0,"36":4,"37":0,"38":0,"39":4},"f":{"0":4,"1":2,"2":2,"3":1,"4":1,"5":0,"6":0,"7":0,"8":0,"9":0,"10":0,"11":0,"12":0},"b":{"0":[1,0],"1":[0,0],"2":[0,0],"3":[0,0],"4":[0,0],"5":[0,0]},"meta":{"lastBranch":6,"lastFunction":13,"lastStatement":40,"seen":{"f:9:16:9:26":0,"s:10:30:10:Infinity":0,"s:11:30:11:Infinity":1,"s:12:28:12:Infinity":2,"s:13:24:13:Infinity":3,"s:15:2:34:Infinity":4,"f:15:12:15:18":1,"f:16:19:16:33":2,"s:17:6:30:Infinity":5,"s:18:8:18:Infinity":6,"s:19:45:22:Infinity":7,"s:23:8:23:Infinity":8,"s:24:8:24:Infinity":9,"s:26:8:26:Infinity":10,"s:27:8:27:Infinity":11,"s:29:8:29:Infinity":12,"s:33:4:33:Infinity":13,"s:37:32:40:Infinity":14,"f:37:32:37:33":3,"s:38:20:38:Infinity":15,"f:38:34:38:35":4,"s:38:41:38:59":16,"s:39:4:39:Infinity":17,"b:39:11:39:35:39:35:39:Infinity":0,"s:43:35:70:Infinity":18,"f:43:35:43:Infinity":5,"s:47:4:69:Infinity":19,"b:49:6:49:Infinity:undefined:undefined:undefined:undefined":1,"s:49:6:49:Infinity":20,"s:49:42:49:Infinity":21,"s:50:26:50:Infinity":22,"f:50:40:50:45":6,"s:50:45:50:94":23,"b:51:6:51:Infinity:undefined:undefined:undefined:undefined":2,"s:51:6:51:Infinity":24,"s:51:24:51:Infinity":25,"s:53:59:56:Infinity":26,"s:58:31:58:Infinity":27,"s:60:6:66:Infinity":28,"f:60:18:60:19":7,"s:61:8:65:Infinity":29,"f:61:17:61:18":8,"s:62:10:64:Infinity":30,"b:63:14:63:Infinity:64:14:64:Infinity":3,"b:63:40:63:57:63:57:63:62":4,"s:68:6:68:Infinity":31,"s:73:31:76:Infinity":32,"f:73:31:73:32":9,"s:74:17:74:Infinity":33,"f:74:31:74:32":10,"s:74:38:74:63":34,"s:75:4:75:Infinity":35,"b:75:18:75:60:75:60:75:Infinity":5,"s:79:30:81:Infinity":36,"f:79:30:79:31":11,"s:80:4:80:Infinity":37,"f:80:25:80:30":12,"s:80:30:80:55":38,"s:83:2:91:Infinity":39}}}
,"E:\\Users\\Dremziik\\Desktop\\Dremziik\\LevelUp_React\\LevelUp_React\\src\\hooks\\useDashboard.ts": {"path":"E:\\Users\\Dremziik\\Desktop\\Dremziik\\LevelUp_React\\LevelUp_React\\src\\hooks\\useDashboard.ts","statementMap":{"0":{"start":{"line":29,"column":26},"end":{"line":29,"column":null}},"1":{"start":{"line":30,"column":32},"end":{"line":30,"column":null}},"2":{"start":{"line":31,"column":30},"end":{"line":31,"column":null}},"3":{"start":{"line":32,"column":34},"end":{"line":32,"column":null}},"4":{"start":{"line":34,"column":2},"end":{"line":53,"column":null}},"5":{"start":{"line":35,"column":24},"end":{"line":51,"column":null}},"6":{"start":{"line":36,"column":6},"end":{"line":50,"column":null}},"7":{"start":{"line":37,"column":70},"end":{"line":42,"column":null}},"8":{"start":{"line":38,"column":58},"end":{"line":38,"column":66}},"9":{"start":{"line":39,"column":60},"end":{"line":39,"column":68}},"10":{"start":{"line":40,"column":59},"end":{"line":40,"column":67}},"11":{"start":{"line":41,"column":62},"end":{"line":41,"column":70}},"12":{"start":{"line":44,"column":8},"end":{"line":44,"column":null}},"13":{"start":{"line":45,"column":8},"end":{"line":45,"column":null}},"14":{"start":{"line":46,"column":8},"end":{"line":46,"column":null}},"15":{"start":{"line":47,"column":8},"end":{"line":47,"column":null}},"16":{"start":{"line":49,"column":8},"end":{"line":49,"column":null}},"17":{"start":{"line":52,"column":4},"end":{"line":52,"column":null}},"18":{"start":{"line":55,"column":8},"end":{"line":58,"column":null}},"19":{"start":{"line":56,"column":10},"end":{"line":56,"column":null}},"20":{"start":{"line":56,"column":36},"end":{"line":56,"column":69}},"21":{"start":{"line":60,"column":8},"end":{"line":63,"column":null}},"22":{"start":{"line":61,"column":10},"end":{"line":61,"column":null}},"23":{"start":{"line":61,"column":36},"end":{"line":61,"column":90}},"24":{"start":{"line":61,"column":70},"end":{"line":61,"column":86}},"25":{"start":{"line":65,"column":24},"end":{"line":65,"column":null}},"26":{"start":{"line":67,"column":16},"end":{"line":67,"column":null}},"27":{"start":{"line":68,"column":8},"end":{"line":75,"column":null}},"28":{"start":{"line":69,"column":16},"end":{"line":69,"column":null}},"29":{"start":{"line":70,"column":4},"end":{"line":73,"column":null}},"30":{"start":{"line":71,"column":18},"end":{"line":71,"column":null}},"31":{"start":{"line":72,"column":6},"end":{"line":72,"column":null}},"32":{"start":{"line":74,"column":4},"end":{"line":74,"column":null}},"33":{"start":{"line":77,"column":20},"end":{"line":77,"column":null}},"34":{"start":{"line":78,"column":30},"end":{"line":78,"column":null}},"35":{"start":{"line":79,"column":25},"end":{"line":79,"column":null}},"36":{"start":{"line":81,"column":23},"end":{"line":81,"column":null}},"37":{"start":{"line":81,"column":42},"end":{"line":81,"column":99}},"38":{"start":{"line":82,"column":28},"end":{"line":85,"column":null}},"39":{"start":{"line":83,"column":16},"end":{"line":83,"column":null}},"40":{"start":{"line":83,"column":50},"end":{"line":83,"column":66}},"41":{"start":{"line":88,"column":52},"end":{"line":88,"column":null}},"42":{"start":{"line":89,"column":2},"end":{"line":98,"column":null}},"43":{"start":{"line":90,"column":4},"end":{"line":97,"column":null}},"44":{"start":{"line":91,"column":6},"end":{"line":91,"column":null}},"45":{"start":{"line":91,"column":32},"end":{"line":91,"column":null}},"46":{"start":{"line":92,"column":23},"end":{"line":92,"column":null}},"47":{"start":{"line":92,"column":43},"end":{"line":92,"column":72}},"48":{"start":{"line":93,"column":6},"end":{"line":96,"column":null}},"49":{"start":{"line":94,"column":22},"end":{"line":94,"column":null}},"50":{"start":{"line":95,"column":8},"end":{"line":95,"column":null}},"51":{"start":{"line":100,"column":26},"end":{"line":103,"column":null}},"52":{"start":{"line":101,"column":30},"end":{"line":101,"column":null}},"53":{"start":{"line":105,"column":30},"end":{"line":105,"column":null}},"54":{"start":{"line":105,"column":51},"end":{"line":105,"column":84}},"55":{"start":{"line":108,"column":18},"end":{"line":108,"column":null}},"56":{"start":{"line":109,"column":48},"end":{"line":124,"column":null}},"57":{"start":{"line":110,"column":25},"end":{"line":112,"column":null}},"58":{"start":{"line":111,"column":19},"end":{"line":111,"column":63}},"59":{"start":{"line":112,"column":16},"end":{"line":112,"column":28}},"60":{"start":{"line":114,"column":21},"end":{"line":121,"column":null}},"61":{"start":{"line":116,"column":8},"end":{"line":119,"column":null}},"62":{"start":{"line":118,"column":23},"end":{"line":118,"column":82}},"63":{"start":{"line":119,"column":28},"end":{"line":119,"column":44}},"64":{"start":{"line":123,"column":4},"end":{"line":123,"column":null}},"65":{"start":{"line":124,"column":20},"end":{"line":124,"column":43}},"66":{"start":{"line":126,"column":2},"end":{"line":137,"column":null}}},"fnMap":{"0":{"name":"useDashboard","decl":{"start":{"line":28,"column":16},"end":{"line":28,"column":31}},"loc":{"start":{"line":28,"column":31},"end":{"line":138,"column":null}},"line":28},"1":{"name":"(anonymous_1)","decl":{"start":{"line":34,"column":12},"end":{"line":34,"column":18}},"loc":{"start":{"line":34,"column":18},"end":{"line":53,"column":5}},"line":34},"2":{"name":"(anonymous_2)","decl":{"start":{"line":35,"column":24},"end":{"line":35,"column":36}},"loc":{"start":{"line":35,"column":36},"end":{"line":51,"column":null}},"line":35},"3":{"name":"(anonymous_3)","decl":{"start":{"line":38,"column":53},"end":{"line":38,"column":58}},"loc":{"start":{"line":38,"column":58},"end":{"line":38,"column":66}},"line":38},"4":{"name":"(anonymous_4)","decl":{"start":{"line":39,"column":55},"end":{"line":39,"column":60}},"loc":{"start":{"line":39,"column":60},"end":{"line":39,"column":68}},"line":39},"5":{"name":"(anonymous_5)","decl":{"start":{"line":40,"column":54},"end":{"line":40,"column":59}},"loc":{"start":{"line":40,"column":59},"end":{"line":40,"column":67}},"line":40},"6":{"name":"(anonymous_6)","decl":{"start":{"line":41,"column":57},"end":{"line":41,"column":62}},"loc":{"start":{"line":41,"column":62},"end":{"line":41,"column":70}},"line":41},"7":{"name":"(anonymous_7)","decl":{"start":{"line":56,"column":4},"end":{"line":56,"column":10}},"loc":{"start":{"line":56,"column":10},"end":{"line":56,"column":null}},"line":56},"8":{"name":"(anonymous_8)","decl":{"start":{"line":56,"column":24},"end":{"line":56,"column":25}},"loc":{"start":{"line":56,"column":36},"end":{"line":56,"column":69}},"line":56},"9":{"name":"(anonymous_9)","decl":{"start":{"line":61,"column":4},"end":{"line":61,"column":10}},"loc":{"start":{"line":61,"column":10},"end":{"line":61,"column":null}},"line":61},"10":{"name":"(anonymous_10)","decl":{"start":{"line":61,"column":24},"end":{"line":61,"column":25}},"loc":{"start":{"line":61,"column":36},"end":{"line":61,"column":90}},"line":61},"11":{"name":"(anonymous_11)","decl":{"start":{"line":61,"column":60},"end":{"line":61,"column":61}},"loc":{"start":{"line":61,"column":70},"end":{"line":61,"column":86}},"line":61},"12":{"name":"(anonymous_12)","decl":{"start":{"line":68,"column":34},"end":{"line":68,"column":40}},"loc":{"start":{"line":68,"column":40},"end":{"line":75,"column":5}},"line":68},"13":{"name":"(anonymous_13)","decl":{"start":{"line":70,"column":19},"end":{"line":70,"column":24}},"loc":{"start":{"line":70,"column":24},"end":{"line":73,"column":5}},"line":70},"14":{"name":"(anonymous_14)","decl":{"start":{"line":81,"column":37},"end":{"line":81,"column":42}},"loc":{"start":{"line":81,"column":42},"end":{"line":81,"column":99}},"line":81},"15":{"name":"(anonymous_15)","decl":{"start":{"line":83,"column":4},"end":{"line":83,"column":5}},"loc":{"start":{"line":83,"column":16},"end":{"line":83,"column":null}},"line":83},"16":{"name":"(anonymous_16)","decl":{"start":{"line":83,"column":40},"end":{"line":83,"column":41}},"loc":{"start":{"line":83,"column":50},"end":{"line":83,"column":66}},"line":83},"17":{"name":"(anonymous_17)","decl":{"start":{"line":89,"column":23},"end":{"line":89,"column":28}},"loc":{"start":{"line":89,"column":28},"end":{"line":98,"column":3}},"line":89},"18":{"name":"(anonymous_18)","decl":{"start":{"line":90,"column":23},"end":{"line":90,"column":28}},"loc":{"start":{"line":90,"column":28},"end":{"line":97,"column":5}},"line":90},"19":{"name":"(anonymous_19)","decl":{"start":{"line":92,"column":38},"end":{"line":92,"column":43}},"loc":{"start":{"line":92,"column":43},"end":{"line":92,"column":72}},"line":92},"20":{"name":"(anonymous_20)","decl":{"start":{"line":101,"column":4},"end":{"line":101,"column":5}},"loc":{"start":{"line":101,"column":30},"end":{"line":101,"column":null}},"line":101},"21":{"name":"(anonymous_21)","decl":{"start":{"line":105,"column":46},"end":{"line":105,"column":51}},"loc":{"start":{"line":105,"column":51},"end":{"line":105,"column":84}},"line":105},"22":{"name":"(anonymous_22)","decl":{"start":{"line":109,"column":63},"end":{"line":109,"column":64}},"loc":{"start":{"line":109,"column":75},"end":{"line":124,"column":3}},"line":109},"23":{"name":"(anonymous_23)","decl":{"start":{"line":111,"column":14},"end":{"line":111,"column":19}},"loc":{"start":{"line":111,"column":19},"end":{"line":111,"column":63}},"line":111},"24":{"name":"(anonymous_24)","decl":{"start":{"line":112,"column":11},"end":{"line":112,"column":16}},"loc":{"start":{"line":112,"column":16},"end":{"line":112,"column":28}},"line":112},"25":{"name":"(anonymous_25)","decl":{"start":{"line":115,"column":6},"end":{"line":115,"column":7}},"loc":{"start":{"line":116,"column":8},"end":{"line":119,"column":null}},"line":116},"26":{"name":"(anonymous_26)","decl":{"start":{"line":118,"column":18},"end":{"line":118,"column":23}},"loc":{"start":{"line":118,"column":23},"end":{"line":118,"column":82}},"line":118},"27":{"name":"(anonymous_27)","decl":{"start":{"line":119,"column":18},"end":{"line":119,"column":19}},"loc":{"start":{"line":119,"column":28},"end":{"line":119,"column":44}},"line":119},"28":{"name":"(anonymous_28)","decl":{"start":{"line":124,"column":10},"end":{"line":124,"column":11}},"loc":{"start":{"line":124,"column":20},"end":{"line":124,"column":43}},"line":124}},"branchMap":{"0":{"loc":{"start":{"line":56,"column":49},"end":{"line":56,"column":66}},"type":"binary-expr","locations":[{"start":{"line":56,"column":49},"end":{"line":56,"column":65}},{"start":{"line":56,"column":65},"end":{"line":56,"column":66}}],"line":56},"1":{"loc":{"start":{"line":72,"column":25},"end":{"line":72,"column":42}},"type":"binary-expr","locations":[{"start":{"line":72,"column":25},"end":{"line":72,"column":41}},{"start":{"line":72,"column":41},"end":{"line":72,"column":42}}],"line":72},"2":{"loc":{"start":{"line":91,"column":6},"end":{"line":91,"column":null}},"type":"if","locations":[{"start":{"line":91,"column":6},"end":{"line":91,"column":null}},{"start":{},"end":{}}],"line":91},"3":{"loc":{"start":{"line":93,"column":6},"end":{"line":96,"column":null}},"type":"if","locations":[{"start":{"line":93,"column":6},"end":{"line":96,"column":null}},{"start":{},"end":{}}],"line":93},"4":{"loc":{"start":{"line":93,"column":10},"end":{"line":93,"column":63}},"type":"binary-expr","locations":[{"start":{"line":93,"column":10},"end":{"line":93,"column":22}},{"start":{"line":93,"column":22},"end":{"line":93,"column":63}}],"line":93},"5":{"loc":{"start":{"line":95,"column":36},"end":{"line":95,"column":69}},"type":"binary-expr","locations":[{"start":{"line":95,"column":36},"end":{"line":95,"column":64}},{"start":{"line":95,"column":64},"end":{"line":95,"column":69}}],"line":95},"6":{"loc":{"start":{"line":101,"column":30},"end":{"line":101,"column":null}},"type":"cond-expr","locations":[{"start":{"line":101,"column":49},"end":{"line":101,"column":79}},{"start":{"line":101,"column":79},"end":{"line":101,"column":null}}],"line":101},"7":{"loc":{"start":{"line":105,"column":30},"end":{"line":105,"column":null}},"type":"binary-expr","locations":[{"start":{"line":105,"column":30},"end":{"line":105,"column":103}},{"start":{"line":105,"column":103},"end":{"line":105,"column":null}}],"line":105},"8":{"loc":{"start":{"line":118,"column":23},"end":{"line":118,"column":82}},"type":"binary-expr","locations":[{"start":{"line":118,"column":23},"end":{"line":118,"column":47}},{"start":{"line":118,"column":47},"end":{"line":118,"column":82}}],"line":118}},"s":{"0":6,"1":6,"2":6,"3":6,"4":6,"5":3,"6":3,"7":3,"8":3,"9":3,"10":3,"11":3,"12":3,"13":3,"14":3,"15":3,"16":0,"17":3,"18":6,"19":6,"20":15,"21":6,"22":6,"23":15,"24":15,"25":6,"26":6,"27":6,"28":6,"29":6,"30":15,"31":15,"32":6,"33":6,"34":6,"35":6,"36":6,"37":15,"38":6,"39":15,"40":15,"41":6,"42":6,"43":15,"44":15,"45":0,"46":15,"47":45,"48":15,"49":15,"50":15,"51":6,"52":6,"53":6,"54":3,"55":6,"56":6,"57":27,"58":486,"59":54,"60":27,"61":135,"62":135,"63":15,"64":27,"65":51,"66":6},"f":{"0":6,"1":3,"2":3,"3":3,"4":3,"5":3,"6":3,"7":6,"8":15,"9":6,"10":15,"11":15,"12":6,"13":15,"14":15,"15":15,"16":15,"17":15,"18":15,"19":45,"20":6,"21":3,"22":27,"23":486,"24":54,"25":135,"26":135,"27":15,"28":51},"b":{"0":[15,0],"1":[15,0],"2":[0,15],"3":[15,0],"4":[15,15],"5":[15,6],"6":[3,3],"7":[6,3],"8":[135,135]},"meta":{"lastBranch":9,"lastFunction":29,"lastStatement":67,"seen":{"f:28:16:28:31":0,"s:29:26:29:Infinity":0,"s:30:32:30:Infinity":1,"s:31:30:31:Infinity":2,"s:32:34:32:Infinity":3,"s:34:2:53:Infinity":4,"f:34:12:34:18":1,"s:35:24:51:Infinity":5,"f:35:24:35:36":2,"s:36:6:50:Infinity":6,"s:37:70:42:Infinity":7,"f:38:53:38:58":3,"s:38:58:38:66":8,"f:39:55:39:60":4,"s:39:60:39:68":9,"f:40:54:40:59":5,"s:40:59:40:67":10,"f:41:57:41:62":6,"s:41:62:41:70":11,"s:44:8:44:Infinity":12,"s:45:8:45:Infinity":13,"s:46:8:46:Infinity":14,"s:47:8:47:Infinity":15,"s:49:8:49:Infinity":16,"s:52:4:52:Infinity":17,"s:55:8:58:Infinity":18,"f:56:4:56:10":7,"s:56:10:56:Infinity":19,"f:56:24:56:25":8,"s:56:36:56:69":20,"b:56:49:56:65:56:65:56:66":0,"s:60:8:63:Infinity":21,"f:61:4:61:10":9,"s:61:10:61:Infinity":22,"f:61:24:61:25":10,"s:61:36:61:90":23,"f:61:60:61:61":11,"s:61:70:61:86":24,"s:65:24:65:Infinity":25,"s:67:16:67:Infinity":26,"s:68:8:75:Infinity":27,"f:68:34:68:40":12,"s:69:16:69:Infinity":28,"s:70:4:73:Infinity":29,"f:70:19:70:24":13,"s:71:18:71:Infinity":30,"s:72:6:72:Infinity":31,"b:72:25:72:41:72:41:72:42":1,"s:74:4:74:Infinity":32,"s:77:20:77:Infinity":33,"s:78:30:78:Infinity":34,"s:79:25:79:Infinity":35,"s:81:23:81:Infinity":36,"f:81:37:81:42":14,"s:81:42:81:99":37,"s:82:28:85:Infinity":38,"f:83:4:83:5":15,"s:83:16:83:Infinity":39,"f:83:40:83:41":16,"s:83:50:83:66":40,"s:88:52:88:Infinity":41,"s:89:2:98:Infinity":42,"f:89:23:89:28":17,"s:90:4:97:Infinity":43,"f:90:23:90:28":18,"b:91:6:91:Infinity:undefined:undefined:undefined:undefined":2,"s:91:6:91:Infinity":44,"s:91:32:91:Infinity":45,"s:92:23:92:Infinity":46,"f:92:38:92:43":19,"s:92:43:92:72":47,"b:93:6:96:Infinity:undefined:undefined:undefined:undefined":3,"s:93:6:96:Infinity":48,"b:93:10:93:22:93:22:93:63":4,"s:94:22:94:Infinity":49,"s:95:8:95:Infinity":50,"b:95:36:95:64:95:64:95:69":5,"s:100:26:103:Infinity":51,"f:101:4:101:5":20,"s:101:30:101:Infinity":52,"b:101:49:101:79:101:79:101:Infinity":6,"s:105:30:105:Infinity":53,"b:105:30:105:103:105:103:105:Infinity":7,"f:105:46:105:51":21,"s:105:51:105:84":54,"s:108:18:108:Infinity":55,"s:109:48:124:Infinity":56,"f:109:63:109:64":22,"s:110:25:112:Infinity":57,"f:111:14:111:19":23,"s:111:19:111:63":58,"f:112:11:112:16":24,"s:112:16:112:28":59,"s:114:21:121:Infinity":60,"f:115:6:115:7":25,"s:116:8:119:Infinity":61,"f:118:18:118:23":26,"s:118:23:118:82":62,"b:118:23:118:47:118:47:118:82":8,"f:119:18:119:19":27,"s:119:28:119:44":63,"s:123:4:123:Infinity":64,"f:124:10:124:11":28,"s:124:20:124:43":65,"s:126:2:137:Infinity":66}}}
,"E:\\Users\\Dremziik\\Desktop\\Dremziik\\LevelUp_React\\LevelUp_React\\src\\services\\NoticiasBlog.ts": {"path":"E:\\Users\\Dremziik\\Desktop\\Dremziik\\LevelUp_React\\LevelUp_React\\src\\services\\NoticiasBlog.ts","statementMap":{"0":{"start":{"line":4,"column":16},"end":{"line":4,"column":null}},"1":{"start":{"line":7,"column":15},"end":{"line":7,"column":null}},"2":{"start":{"line":8,"column":2},"end":{"line":8,"column":null}},"3":{"start":{"line":12,"column":15},"end":{"line":12,"column":null}},"4":{"start":{"line":13,"column":2},"end":{"line":13,"column":null}},"5":{"start":{"line":17,"column":15},"end":{"line":17,"column":null}},"6":{"start":{"line":18,"column":2},"end":{"line":18,"column":null}}},"fnMap":{"0":{"name":"listarNoticias","decl":{"start":{"line":6,"column":22},"end":{"line":6,"column":59}},"loc":{"start":{"line":6,"column":59},"end":{"line":9,"column":null}},"line":6},"1":{"name":"listarComentarios","decl":{"start":{"line":11,"column":22},"end":{"line":11,"column":65}},"loc":{"start":{"line":11,"column":65},"end":{"line":14,"column":null}},"line":11},"2":{"name":"listarComentariosPorNoticia","decl":{"start":{"line":16,"column":22},"end":{"line":16,"column":50}},"loc":{"start":{"line":16,"column":92},"end":{"line":19,"column":null}},"line":16}},"branchMap":{},"s":{"0":1,"1":2,"2":2,"3":0,"4":0,"5":0,"6":0},"f":{"0":2,"1":0,"2":0},"b":{},"meta":{"lastBranch":0,"lastFunction":3,"lastStatement":7,"seen":{"s:4:16:4:Infinity":0,"f:6:22:6:59":0,"s:7:15:7:Infinity":1,"s:8:2:8:Infinity":2,"f:11:22:11:65":1,"s:12:15:12:Infinity":3,"s:13:2:13:Infinity":4,"f:16:22:16:50":2,"s:17:15:17:Infinity":5,"s:18:2:18:Infinity":6}}}
,"E:\\Users\\Dremziik\\Desktop\\Dremziik\\LevelUp_React\\LevelUp_React\\src\\services\\comentariosService.ts": {"path":"E:\\Users\\Dremziik\\Desktop\\Dremziik\\LevelUp_React\\LevelUp_React\\src\\services\\comentariosService.ts","statementMap":{"0":{"start":{"line":3,"column":17},"end":{"line":3,"column":null}},"1":{"start":{"line":6,"column":19},"end":{"line":10,"column":null}},"2":{"start":{"line":12,"column":2},"end":{"line":14,"column":null}},"3":{"start":{"line":13,"column":4},"end":{"line":13,"column":null}},"4":{"start":{"line":16,"column":2},"end":{"line":16,"column":null}}},"fnMap":{"0":{"name":"crearComentario","decl":{"start":{"line":5,"column":22},"end":{"line":5,"column":38}},"loc":{"start":{"line":5,"column":95},"end":{"line":17,"column":null}},"line":5}},"branchMap":{"0":{"loc":{"start":{"line":12,"column":2},"end":{"line":14,"column":null}},"type":"if","locations":[{"start":{"line":12,"column":2},"end":{"line":14,"column":null}},{"start":{},"end":{}}],"line":12}},"s":{"0":1,"1":0,"2":0,"3":0,"4":0},"f":{"0":0},"b":{"0":[0,0]},"meta":{"lastBranch":1,"lastFunction":1,"lastStatement":5,"seen":{"s:3:17:3:Infinity":0,"f:5:22:5:38":0,"s:6:19:10:Infinity":1,"b:12:2:14:Infinity:undefined:undefined:undefined:undefined":0,"s:12:2:14:Infinity":2,"s:13:4:13:Infinity":3,"s:16:2:16:Infinity":4}}}
,"E:\\Users\\Dremziik\\Desktop\\Dremziik\\LevelUp_React\\LevelUp_React\\src\\services\\usuariosService.ts": {"path":"E:\\Users\\Dremziik\\Desktop\\Dremziik\\LevelUp_React\\LevelUp_React\\src\\services\\usuariosService.ts","statementMap":{"0":{"start":{"line":3,"column":12},"end":{"line":3,"column":null}},"1":{"start":{"line":7,"column":15},"end":{"line":11,"column":null}},"2":{"start":{"line":13,"column":2},"end":{"line":13,"column":null}},"3":{"start":{"line":13,"column":16},"end":{"line":13,"column":null}},"4":{"start":{"line":14,"column":2},"end":{"line":14,"column":null}},"5":{"start":{"line":19,"column":15},"end":{"line":23,"column":null}},"6":{"start":{"line":24,"column":2},"end":{"line":24,"column":null}},"7":{"start":{"line":24,"column":16},"end":{"line":24,"column":null}},"8":{"start":{"line":25,"column":2},"end":{"line":25,"column":null}},"9":{"start":{"line":30,"column":15},"end":{"line":30,"column":null}},"10":{"start":{"line":31,"column":2},"end":{"line":31,"column":null}},"11":{"start":{"line":31,"column":16},"end":{"line":31,"column":null}},"12":{"start":{"line":32,"column":2},"end":{"line":32,"column":null}},"13":{"start":{"line":37,"column":15},"end":{"line":37,"column":null}},"14":{"start":{"line":38,"column":2},"end":{"line":38,"column":null}},"15":{"start":{"line":38,"column":16},"end":{"line":38,"column":null}},"16":{"start":{"line":39,"column":2},"end":{"line":39,"column":null}},"17":{"start":{"line":44,"column":15},"end":{"line":44,"column":null}},"18":{"start":{"line":45,"column":2},"end":{"line":45,"column":null}},"19":{"start":{"line":45,"column":16},"end":{"line":45,"column":null}},"20":{"start":{"line":46,"column":2},"end":{"line":46,"column":null}},"21":{"start":{"line":51,"column":19},"end":{"line":51,"column":null}},"22":{"start":{"line":54,"column":24},"end":{"line":59,"column":null}},"23":{"start":{"line":56,"column":6},"end":{"line":58,"column":null}},"24":{"start":{"line":61,"column":2},"end":{"line":61,"column":null}},"25":{"start":{"line":61,"column":21},"end":{"line":61,"column":null}},"26":{"start":{"line":64,"column":26},"end":{"line":69,"column":null}},"27":{"start":{"line":66,"column":6},"end":{"line":68,"column":null}},"28":{"start":{"line":71,"column":2},"end":{"line":71,"column":null}},"29":{"start":{"line":71,"column":23},"end":{"line":71,"column":null}},"30":{"start":{"line":74,"column":2},"end":{"line":74,"column":null}}},"fnMap":{"0":{"name":"registrarUsuario","decl":{"start":{"line":6,"column":22},"end":{"line":6,"column":39}},"loc":{"start":{"line":6,"column":64},"end":{"line":15,"column":null}},"line":6},"1":{"name":"actualizarUsuario","decl":{"start":{"line":18,"column":22},"end":{"line":18,"column":40}},"loc":{"start":{"line":18,"column":86},"end":{"line":26,"column":null}},"line":18},"2":{"name":"obtenerUsuarios","decl":{"start":{"line":29,"column":22},"end":{"line":29,"column":67}},"loc":{"start":{"line":29,"column":67},"end":{"line":33,"column":null}},"line":29},"3":{"name":"obtenerUsuario","decl":{"start":{"line":36,"column":22},"end":{"line":36,"column":37}},"loc":{"start":{"line":36,"column":74},"end":{"line":40,"column":null}},"line":36},"4":{"name":"eliminarUsuario","decl":{"start":{"line":43,"column":22},"end":{"line":43,"column":38}},"loc":{"start":{"line":43,"column":50},"end":{"line":47,"column":null}},"line":43},"5":{"name":"apiLogin","decl":{"start":{"line":50,"column":22},"end":{"line":50,"column":31}},"loc":{"start":{"line":50,"column":121},"end":{"line":75,"column":null}},"line":50},"6":{"name":"(anonymous_6)","decl":{"start":{"line":55,"column":4},"end":{"line":55,"column":5}},"loc":{"start":{"line":56,"column":6},"end":{"line":58,"column":null}},"line":56},"7":{"name":"(anonymous_7)","decl":{"start":{"line":65,"column":4},"end":{"line":65,"column":5}},"loc":{"start":{"line":66,"column":6},"end":{"line":68,"column":null}},"line":66}},"branchMap":{"0":{"loc":{"start":{"line":13,"column":2},"end":{"line":13,"column":null}},"type":"if","locations":[{"start":{"line":13,"column":2},"end":{"line":13,"column":null}},{"start":{},"end":{}}],"line":13},"1":{"loc":{"start":{"line":24,"column":2},"end":{"line":24,"column":null}},"type":"if","locations":[{"start":{"line":24,"column":2},"end":{"line":24,"column":null}},{"start":{},"end":{}}],"line":24},"2":{"loc":{"start":{"line":31,"column":2},"end":{"line":31,"column":null}},"type":"if","locations":[{"start":{"line":31,"column":2},"end":{"line":31,"column":null}},{"start":{},"end":{}}],"line":31},"3":{"loc":{"start":{"line":38,"column":2},"end":{"line":38,"column":null}},"type":"if","locations":[{"start":{"line":38,"column":2},"end":{"line":38,"column":null}},{"start":{},"end":{}}],"line":38},"4":{"loc":{"start":{"line":45,"column":2},"end":{"line":45,"column":null}},"type":"if","locations":[{"start":{"line":45,"column":2},"end":{"line":45,"column":null}},{"start":{},"end":{}}],"line":45},"5":{"loc":{"start":{"line":56,"column":6},"end":{"line":58,"column":null}},"type":"binary-expr","locations":[{"start":{"line":56,"column":6},"end":{"line":56,"column":null}},{"start":{"line":57,"column":6},"end":{"line":57,"column":null}},{"start":{"line":58,"column":6},"end":{"line":58,"column":null}}],"line":56},"6":{"loc":{"start":{"line":61,"column":2},"end":{"line":61,"column":null}},"type":"if","locations":[{"start":{"line":61,"column":2},"end":{"line":61,"column":null}},{"start":{},"end":{}}],"line":61},"7":{"loc":{"start":{"line":66,"column":6},"end":{"line":68,"column":null}},"type":"binary-expr","locations":[{"start":{"line":66,"column":6},"end":{"line":66,"column":null}},{"start":{"line":67,"column":6},"end":{"line":67,"column":null}},{"start":{"line":68,"column":6},"end":{"line":68,"column":null}}],"line":66},"8":{"loc":{"start":{"line":71,"column":2},"end":{"line":71,"column":null}},"type":"if","locations":[{"start":{"line":71,"column":2},"end":{"line":71,"column":null}},{"start":{},"end":{}}],"line":71}},"s":{"0":1,"1":0,"2":0,"3":0,"4":0,"5":0,"6":0,"7":0,"8":0,"9":2,"10":2,"11":0,"12":2,"13":0,"14":0,"15":0,"16":0,"17":0,"18":0,"19":0,"20":0,"21":0,"22":0,"23":0,"24":0,"25":0,"26":0,"27":0,"28":0,"29":0,"30":0},"f":{"0":0,"1":0,"2":2,"3":0,"4":0,"5":0,"6":0,"7":0},"b":{"0":[0,0],"1":[0,0],"2":[0,2],"3":[0,0],"4":[0,0],"5":[0,0,0],"6":[0,0],"7":[0,0,0],"8":[0,0]},"meta":{"lastBranch":9,"lastFunction":8,"lastStatement":31,"seen":{"s:3:12:3:Infinity":0,"f:6:22:6:39":0,"s:7:15:11:Infinity":1,"b:13:2:13:Infinity:undefined:undefined:undefined:undefined":0,"s:13:2:13:Infinity":2,"s:13:16:13:Infinity":3,"s:14:2:14:Infinity":4,"f:18:22:18:40":1,"s:19:15:23:Infinity":5,"b:24:2:24:Infinity:undefined:undefined:undefined:undefined":1,"s:24:2:24:Infinity":6,"s:24:16:24:Infinity":7,"s:25:2:25:Infinity":8,"f:29:22:29:67":2,"s:30:15:30:Infinity":9,"b:31:2:31:Infinity:undefined:undefined:undefined:undefined":2,"s:31:2:31:Infinity":10,"s:31:16:31:Infinity":11,"s:32:2:32:Infinity":12,"f:36:22:36:37":3,"s:37:15:37:Infinity":13,"b:38:2:38:Infinity:undefined:undefined:undefined:undefined":3,"s:38:2:38:Infinity":14,"s:38:16:38:Infinity":15,"s:39:2:39:Infinity":16,"f:43:22:43:38":4,"s:44:15:44:Infinity":17,"b:45:2:45:Infinity:undefined:undefined:undefined:undefined":4,"s:45:2:45:Infinity":18,"s:45:16:45:Infinity":19,"s:46:2:46:Infinity":20,"f:50:22:50:31":5,"s:51:19:51:Infinity":21,"s:54:24:59:Infinity":22,"f:55:4:55:5":6,"s:56:6:58:Infinity":23,"b:56:6:56:Infinity:57:6:57:Infinity:58:6:58:Infinity":5,"b:61:2:61:Infinity:undefined:undefined:undefined:undefined":6,"s:61:2:61:Infinity":24,"s:61:21:61:Infinity":25,"s:64:26:69:Infinity":26,"f:65:4:65:5":7,"s:66:6:68:Infinity":27,"b:66:6:66:Infinity:67:6:67:Infinity:68:6:68:Infinity":7,"b:71:2:71:Infinity:undefined:undefined:undefined:undefined":8,"s:71:2:71:Infinity":28,"s:71:23:71:Infinity":29,"s:74:2:74:Infinity":30}}}
}
